[Mon Feb 20 13:32:06 2017] [warn] Init: Name-based SSL virtual hosts only work for clients with TLS server name indication support (RFC 4366)
[Mon Feb 20 13:32:06 2017] [warn] pid file Z:/usr/local/apache/logs/httpd.pid overwritten -- Unclean shutdown of previous Apache run?
[Mon Feb 20 13:32:07 2017] [warn] Init: Name-based SSL virtual hosts only work for clients with TLS server name indication support (RFC 4366)
[Mon Feb 20 13:32:08 2017] [notice] Apache/2.2.22 (Win32) mod_ssl/2.2.22 OpenSSL/1.0.1c PHP/5.3.13 configured -- resuming normal operations
[Mon Feb 20 13:32:08 2017] [notice] Server built: Apr 20 2012 18:42:30
[Mon Feb 20 13:32:08 2017] [notice] Parent: Created child process 788
[Mon Feb 20 13:32:08 2017] [notice] Disabled use of AcceptEx() WinSock2 API
[Mon Feb 20 13:32:08 2017] [warn] Init: Name-based SSL virtual hosts only work for clients with TLS server name indication support (RFC 4366)
[Mon Feb 20 13:32:09 2017] [warn] Init: Name-based SSL virtual hosts only work for clients with TLS server name indication support (RFC 4366)
[Mon Feb 20 13:32:09 2017] [notice] Child 788: Child process is running
[Mon Feb 20 13:32:09 2017] [notice] Child 788: Acquired the start mutex.
[Mon Feb 20 13:32:09 2017] [notice] Child 788: Starting 25 worker threads.
[Mon Feb 20 13:32:09 2017] [notice] Child 788: Listening on port 443.
[Mon Feb 20 13:32:09 2017] [notice] Child 788: Listening on port 8648.
[Mon Feb 20 13:32:09 2017] [notice] Child 788: Listening on port 443.
[Mon Feb 20 13:32:09 2017] [notice] Child 788: Listening on port 80.
[Mon Feb 20 13:34:54 2017] [notice] Parent: Received shutdown signal -- Shutting down the server.
[Mon Feb 20 13:34:54 2017] [notice] Child 788: Exit event signaled. Child process is ending.
[Mon Feb 20 13:34:55 2017] [notice] Child 788: Released the start mutex
[Mon Feb 20 13:34:55 2017] [notice] Child 788: All worker threads have exited.
[Mon Feb 20 13:34:55 2017] [notice] Child 788: Child process is exiting
[Mon Feb 20 13:34:55 2017] [notice] Parent: Child process exited successfully.
