170130 20:42:47 [Note] Plugin 'FEDERATED' is disabled.
170130 20:42:47 InnoDB: The InnoDB memory heap is disabled
170130 20:42:47 InnoDB: Mutexes and rw_locks use Windows interlocked functions
170130 20:42:47 InnoDB: Compressed tables use zlib 1.2.3
170130 20:42:47 InnoDB: Initializing buffer pool, size = 128.0M
170130 20:42:47 InnoDB: Completed initialization of buffer pool
InnoDB: The first specified data file .\ibdata1 did not exist:
InnoDB: a new database to be created!
170130 20:42:47  InnoDB: Setting file .\ibdata1 size to 10 MB
InnoDB: Database physically writes the file full: wait...
170130 20:42:48  InnoDB: Log file .\ib_logfile0 did not exist: new to be created
InnoDB: Setting log file .\ib_logfile0 size to 5 MB
InnoDB: Database physically writes the file full: wait...
170130 20:42:48  InnoDB: Log file .\ib_logfile1 did not exist: new to be created
InnoDB: Setting log file .\ib_logfile1 size to 5 MB
InnoDB: Database physically writes the file full: wait...
InnoDB: Doublewrite buffer not found: creating new
InnoDB: Doublewrite buffer created
InnoDB: 127 rollback segment(s) active.
InnoDB: Creating foreign key constraint system tables
InnoDB: Foreign key constraint system tables created
170130 20:42:50  InnoDB: Waiting for the background threads to start
170130 20:42:51 InnoDB: 1.1.8 started; log sequence number 0
170130 20:42:51 [Note] Server hostname (bind-address): '127.0.0.1'; port: 3306
170130 20:42:51 [Note]   - '127.0.0.1' resolves to '127.0.0.1';
170130 20:42:51 [Note] Server socket created on IP: '127.0.0.1'.
170130 20:42:51 [Note] Event Scheduler: Loaded 0 events
170130 20:42:51 [Note] \usr\local\mysql-5.5\bin\mysqld.exe: ready for connections.
Version: '5.5.25'  socket: ''  port: 3306  MySQL Community Server (GPL)
170130 21:02:57 [ERROR] \usr\local\mysql-5.5\bin\mysqld.exe: Out of sort memory, consider increasing server sort buffer size
170130 21:02:57 [ERROR] \usr\local\mysql-5.5\bin\mysqld.exe: Sort aborted: Out of sort memory, consider increasing server sort buffer size
170130 21:04:13 [ERROR] \usr\local\mysql-5.5\bin\mysqld.exe: Out of sort memory, consider increasing server sort buffer size
170130 21:04:13 [ERROR] \usr\local\mysql-5.5\bin\mysqld.exe: Sort aborted: Out of sort memory, consider increasing server sort buffer size
170130 21:05:16 [ERROR] \usr\local\mysql-5.5\bin\mysqld.exe: Out of sort memory, consider increasing server sort buffer size
170130 21:05:16 [ERROR] \usr\local\mysql-5.5\bin\mysqld.exe: Sort aborted: Out of sort memory, consider increasing server sort buffer size
170130 21:06:29 [ERROR] \usr\local\mysql-5.5\bin\mysqld.exe: Out of sort memory, consider increasing server sort buffer size
170130 21:06:29 [ERROR] \usr\local\mysql-5.5\bin\mysqld.exe: Sort aborted: Out of sort memory, consider increasing server sort buffer size
170130 21:06:47 [ERROR] \usr\local\mysql-5.5\bin\mysqld.exe: Out of sort memory, consider increasing server sort buffer size
170130 21:06:47 [ERROR] \usr\local\mysql-5.5\bin\mysqld.exe: Sort aborted: Out of sort memory, consider increasing server sort buffer size
170130 21:06:54 [ERROR] \usr\local\mysql-5.5\bin\mysqld.exe: Out of sort memory, consider increasing server sort buffer size
170130 21:06:54 [ERROR] \usr\local\mysql-5.5\bin\mysqld.exe: Sort aborted: Out of sort memory, consider increasing server sort buffer size
170130 21:07:04 [ERROR] \usr\local\mysql-5.5\bin\mysqld.exe: Out of sort memory, consider increasing server sort buffer size
170130 21:07:04 [ERROR] \usr\local\mysql-5.5\bin\mysqld.exe: Sort aborted: Out of sort memory, consider increasing server sort buffer size
170130 21:07:45 [ERROR] \usr\local\mysql-5.5\bin\mysqld.exe: Out of sort memory, consider increasing server sort buffer size
170130 21:07:45 [ERROR] \usr\local\mysql-5.5\bin\mysqld.exe: Sort aborted: Out of sort memory, consider increasing server sort buffer size
170130 21:08:03 [ERROR] \usr\local\mysql-5.5\bin\mysqld.exe: Out of sort memory, consider increasing server sort buffer size
170130 21:08:03 [ERROR] \usr\local\mysql-5.5\bin\mysqld.exe: Sort aborted: Out of sort memory, consider increasing server sort buffer size
170130 21:08:14 [ERROR] \usr\local\mysql-5.5\bin\mysqld.exe: Out of sort memory, consider increasing server sort buffer size
170130 21:08:14 [ERROR] \usr\local\mysql-5.5\bin\mysqld.exe: Sort aborted: Out of sort memory, consider increasing server sort buffer size
170130 21:08:27 [ERROR] \usr\local\mysql-5.5\bin\mysqld.exe: Out of sort memory, consider increasing server sort buffer size
170130 21:08:27 [ERROR] \usr\local\mysql-5.5\bin\mysqld.exe: Sort aborted: Out of sort memory, consider increasing server sort buffer size
170130 21:08:31 [ERROR] \usr\local\mysql-5.5\bin\mysqld.exe: Out of sort memory, consider increasing server sort buffer size
170130 21:08:31 [ERROR] \usr\local\mysql-5.5\bin\mysqld.exe: Sort aborted: Out of sort memory, consider increasing server sort buffer size
170130 21:08:37 [ERROR] \usr\local\mysql-5.5\bin\mysqld.exe: Out of sort memory, consider increasing server sort buffer size
170130 21:08:37 [ERROR] \usr\local\mysql-5.5\bin\mysqld.exe: Sort aborted: Out of sort memory, consider increasing server sort buffer size
170130 21:09:21 [ERROR] \usr\local\mysql-5.5\bin\mysqld.exe: Out of sort memory, consider increasing server sort buffer size
170130 21:09:21 [ERROR] \usr\local\mysql-5.5\bin\mysqld.exe: Sort aborted: Out of sort memory, consider increasing server sort buffer size
170130 21:10:10 [ERROR] \usr\local\mysql-5.5\bin\mysqld.exe: Out of sort memory, consider increasing server sort buffer size
170130 21:10:10 [ERROR] \usr\local\mysql-5.5\bin\mysqld.exe: Sort aborted: Out of sort memory, consider increasing server sort buffer size
170130 21:10:24 [ERROR] \usr\local\mysql-5.5\bin\mysqld.exe: Out of sort memory, consider increasing server sort buffer size
170130 21:10:24 [ERROR] \usr\local\mysql-5.5\bin\mysqld.exe: Sort aborted: Out of sort memory, consider increasing server sort buffer size
170130 21:10:44 [ERROR] \usr\local\mysql-5.5\bin\mysqld.exe: Out of sort memory, consider increasing server sort buffer size
170130 21:10:44 [ERROR] \usr\local\mysql-5.5\bin\mysqld.exe: Sort aborted: Out of sort memory, consider increasing server sort buffer size
170130 21:10:50 [ERROR] \usr\local\mysql-5.5\bin\mysqld.exe: Out of sort memory, consider increasing server sort buffer size
170130 21:10:50 [ERROR] \usr\local\mysql-5.5\bin\mysqld.exe: Sort aborted: Out of sort memory, consider increasing server sort buffer size
170130 21:19:12 [ERROR] \usr\local\mysql-5.5\bin\mysqld.exe: Out of sort memory, consider increasing server sort buffer size
170130 21:19:12 [ERROR] \usr\local\mysql-5.5\bin\mysqld.exe: Sort aborted: Out of sort memory, consider increasing server sort buffer size
170130 21:22:40 [Note] Plugin 'FEDERATED' is disabled.
170130 21:22:40 InnoDB: The InnoDB memory heap is disabled
170130 21:22:40 InnoDB: Mutexes and rw_locks use Windows interlocked functions
170130 21:22:40 InnoDB: Compressed tables use zlib 1.2.3
170130 21:22:41 InnoDB: Initializing buffer pool, size = 128.0M
170130 21:22:41 InnoDB: Completed initialization of buffer pool
170130 21:22:41 InnoDB: highest supported file format is Barracuda.
InnoDB: The log sequence number in ibdata files does not match
InnoDB: the log sequence number in the ib_logfiles!
170130 21:22:41  InnoDB: Database was not shut down normally!
InnoDB: Starting crash recovery.
InnoDB: Reading tablespace information from the .ibd files...
InnoDB: Restoring possible half-written data pages from the doublewrite
InnoDB: buffer...
170130 21:22:41  InnoDB: Waiting for the background threads to start
170130 21:22:42 InnoDB: 1.1.8 started; log sequence number 3392771
170130 21:22:42 [Note] Server hostname (bind-address): '127.0.0.1'; port: 3306
170130 21:22:42 [Note]   - '127.0.0.1' resolves to '127.0.0.1';
170130 21:22:42 [Note] Server socket created on IP: '127.0.0.1'.
170130 21:22:42 [Note] Event Scheduler: Loaded 0 events
170130 21:22:42 [Note] \usr\local\mysql-5.5\bin\mysqld.exe: ready for connections.
Version: '5.5.25'  socket: ''  port: 3306  MySQL Community Server (GPL)
170130 23:39:42 [Note] Plugin 'FEDERATED' is disabled.
170130 23:39:42 InnoDB: The InnoDB memory heap is disabled
170130 23:39:42 InnoDB: Mutexes and rw_locks use Windows interlocked functions
170130 23:39:42 InnoDB: Compressed tables use zlib 1.2.3
170130 23:39:42 InnoDB: Initializing buffer pool, size = 128.0M
170130 23:39:42 InnoDB: Completed initialization of buffer pool
170130 23:39:42 InnoDB: highest supported file format is Barracuda.
InnoDB: The log sequence number in ibdata files does not match
InnoDB: the log sequence number in the ib_logfiles!
170130 23:39:42  InnoDB: Database was not shut down normally!
InnoDB: Starting crash recovery.
InnoDB: Reading tablespace information from the .ibd files...
InnoDB: Restoring possible half-written data pages from the doublewrite
InnoDB: buffer...
170130 23:39:43  InnoDB: Waiting for the background threads to start
170130 23:39:44 InnoDB: 1.1.8 started; log sequence number 9580467
170130 23:39:44 [Note] Server hostname (bind-address): '127.0.0.1'; port: 3306
170130 23:39:44 [Note]   - '127.0.0.1' resolves to '127.0.0.1';
170130 23:39:44 [Note] Server socket created on IP: '127.0.0.1'.
170130 23:39:44 [Note] Event Scheduler: Loaded 0 events
170130 23:39:44 [Note] \usr\local\mysql-5.5\bin\mysqld.exe: ready for connections.
Version: '5.5.25'  socket: ''  port: 3306  MySQL Community Server (GPL)
170131  6:23:46 [Note] Plugin 'FEDERATED' is disabled.
170131  6:23:46 InnoDB: The InnoDB memory heap is disabled
170131  6:23:46 InnoDB: Mutexes and rw_locks use Windows interlocked functions
170131  6:23:46 InnoDB: Compressed tables use zlib 1.2.3
170131  6:23:46 InnoDB: Initializing buffer pool, size = 128.0M
170131  6:23:46 InnoDB: Completed initialization of buffer pool
170131  6:23:47 InnoDB: highest supported file format is Barracuda.
InnoDB: The log sequence number in ibdata files does not match
InnoDB: the log sequence number in the ib_logfiles!
170131  6:23:47  InnoDB: Database was not shut down normally!
InnoDB: Starting crash recovery.
InnoDB: Reading tablespace information from the .ibd files...
InnoDB: Restoring possible half-written data pages from the doublewrite
InnoDB: buffer...
170131  6:23:49  InnoDB: Waiting for the background threads to start
170131  6:23:50 InnoDB: 1.1.8 started; log sequence number 10666834
170131  6:23:50 [Note] Server hostname (bind-address): '127.0.0.1'; port: 3306
170131  6:23:50 [Note]   - '127.0.0.1' resolves to '127.0.0.1';
170131  6:23:50 [Note] Server socket created on IP: '127.0.0.1'.
170131  6:23:51 [Note] Event Scheduler: Loaded 0 events
170131  6:23:51 [Note] \usr\local\mysql-5.5\bin\mysqld.exe: ready for connections.
Version: '5.5.25'  socket: ''  port: 3306  MySQL Community Server (GPL)
170131  7:09:09 [Note] Plugin 'FEDERATED' is disabled.
170131  7:09:09 InnoDB: The InnoDB memory heap is disabled
170131  7:09:09 InnoDB: Mutexes and rw_locks use Windows interlocked functions
170131  7:09:09 InnoDB: Compressed tables use zlib 1.2.3
170131  7:09:09 InnoDB: Initializing buffer pool, size = 128.0M
170131  7:09:09 InnoDB: Completed initialization of buffer pool
170131  7:09:09 InnoDB: highest supported file format is Barracuda.
InnoDB: The log sequence number in ibdata files does not match
InnoDB: the log sequence number in the ib_logfiles!
170131  7:09:09  InnoDB: Database was not shut down normally!
InnoDB: Starting crash recovery.
InnoDB: Reading tablespace information from the .ibd files...
InnoDB: Restoring possible half-written data pages from the doublewrite
InnoDB: buffer...
170131  7:09:11  InnoDB: Waiting for the background threads to start
170131  7:09:12 InnoDB: 1.1.8 started; log sequence number 11940886
170131  7:09:12 [Note] Server hostname (bind-address): '127.0.0.1'; port: 3306
170131  7:09:12 [Note]   - '127.0.0.1' resolves to '127.0.0.1';
170131  7:09:13 [Note] Server socket created on IP: '127.0.0.1'.
170131  7:09:13 [Note] Event Scheduler: Loaded 0 events
170131  7:09:13 [Note] \usr\local\mysql-5.5\bin\mysqld.exe: ready for connections.
Version: '5.5.25'  socket: ''  port: 3306  MySQL Community Server (GPL)
170131 16:26:24 [Note] Plugin 'FEDERATED' is disabled.
170131 16:26:24 InnoDB: The InnoDB memory heap is disabled
170131 16:26:24 InnoDB: Mutexes and rw_locks use Windows interlocked functions
170131 16:26:24 InnoDB: Compressed tables use zlib 1.2.3
170131 16:26:24 InnoDB: Initializing buffer pool, size = 128.0M
170131 16:26:24 InnoDB: Completed initialization of buffer pool
170131 16:26:24 InnoDB: highest supported file format is Barracuda.
InnoDB: The log sequence number in ibdata files does not match
InnoDB: the log sequence number in the ib_logfiles!
170131 16:26:25  InnoDB: Database was not shut down normally!
InnoDB: Starting crash recovery.
InnoDB: Reading tablespace information from the .ibd files...
InnoDB: Restoring possible half-written data pages from the doublewrite
InnoDB: buffer...
170131 16:26:28  InnoDB: Waiting for the background threads to start
170131 16:26:29 InnoDB: 1.1.8 started; log sequence number 11946452
170131 16:26:29 [Note] Server hostname (bind-address): '127.0.0.1'; port: 3306
170131 16:26:29 [Note]   - '127.0.0.1' resolves to '127.0.0.1';
170131 16:26:29 [Note] Server socket created on IP: '127.0.0.1'.
170131 16:26:29 [Note] Event Scheduler: Loaded 0 events
170131 16:26:29 [Note] \usr\local\mysql-5.5\bin\mysqld.exe: ready for connections.
Version: '5.5.25'  socket: ''  port: 3306  MySQL Community Server (GPL)
170131 23:44:23 [Note] Plugin 'FEDERATED' is disabled.
170131 23:44:23 InnoDB: The InnoDB memory heap is disabled
170131 23:44:23 InnoDB: Mutexes and rw_locks use Windows interlocked functions
170131 23:44:23 InnoDB: Compressed tables use zlib 1.2.3
170131 23:44:23 InnoDB: Initializing buffer pool, size = 128.0M
170131 23:44:23 InnoDB: Completed initialization of buffer pool
170131 23:44:23 InnoDB: highest supported file format is Barracuda.
InnoDB: Log scan progressed past the checkpoint lsn 18495985
170131 23:44:23  InnoDB: Database was not shut down normally!
InnoDB: Starting crash recovery.
InnoDB: Reading tablespace information from the .ibd files...
InnoDB: Restoring possible half-written data pages from the doublewrite
InnoDB: buffer...
InnoDB: Doing recovery: scanned up to log sequence number 18497983
170131 23:44:25  InnoDB: Starting an apply batch of log records to the database...
InnoDB: Progress in percents: 78 79 80 81 82 83 84 85 86 87 88 89 90 91 92 93 94 95 96 97 98 99 
InnoDB: Apply batch completed
170131 23:44:26  InnoDB: Waiting for the background threads to start
170131 23:44:27 InnoDB: 1.1.8 started; log sequence number 18497983
170131 23:44:27 [Note] Server hostname (bind-address): '127.0.0.1'; port: 3306
170131 23:44:27 [Note]   - '127.0.0.1' resolves to '127.0.0.1';
170131 23:44:27 [Note] Server socket created on IP: '127.0.0.1'.
170131 23:44:28 [Note] Event Scheduler: Loaded 0 events
170131 23:44:28 [Note] \usr\local\mysql-5.5\bin\mysqld.exe: ready for connections.
Version: '5.5.25'  socket: ''  port: 3306  MySQL Community Server (GPL)
170201  0:20:54 [Note] Plugin 'FEDERATED' is disabled.
170201  0:20:54 InnoDB: The InnoDB memory heap is disabled
170201  0:20:54 InnoDB: Mutexes and rw_locks use Windows interlocked functions
170201  0:20:54 InnoDB: Compressed tables use zlib 1.2.3
170201  0:20:54 InnoDB: Initializing buffer pool, size = 128.0M
170201  0:20:54 InnoDB: Completed initialization of buffer pool
170201  0:20:54 InnoDB: highest supported file format is Barracuda.
InnoDB: The log sequence number in ibdata files does not match
InnoDB: the log sequence number in the ib_logfiles!
170201  0:20:54  InnoDB: Database was not shut down normally!
InnoDB: Starting crash recovery.
InnoDB: Reading tablespace information from the .ibd files...
InnoDB: Restoring possible half-written data pages from the doublewrite
InnoDB: buffer...
170201  0:20:56  InnoDB: Waiting for the background threads to start
170201  0:20:57 InnoDB: 1.1.8 started; log sequence number 18498130
170201  0:20:57 [Note] Server hostname (bind-address): '127.0.0.1'; port: 3306
170201  0:20:57 [Note]   - '127.0.0.1' resolves to '127.0.0.1';
170201  0:20:57 [Note] Server socket created on IP: '127.0.0.1'.
170201  0:20:57 [Note] Event Scheduler: Loaded 0 events
170201  0:20:57 [Note] \usr\local\mysql-5.5\bin\mysqld.exe: ready for connections.
Version: '5.5.25'  socket: ''  port: 3306  MySQL Community Server (GPL)
170201  0:21:53 [Note] Plugin 'FEDERATED' is disabled.
170201  0:21:53 InnoDB: The InnoDB memory heap is disabled
170201  0:21:53 InnoDB: Mutexes and rw_locks use Windows interlocked functions
170201  0:21:53 InnoDB: Compressed tables use zlib 1.2.3
170201  0:21:53 InnoDB: Initializing buffer pool, size = 128.0M
170201  0:21:53 InnoDB: Completed initialization of buffer pool
170201  0:21:53 InnoDB: highest supported file format is Barracuda.
InnoDB: The log sequence number in ibdata files does not match
InnoDB: the log sequence number in the ib_logfiles!
170201  0:21:53  InnoDB: Database was not shut down normally!
InnoDB: Starting crash recovery.
InnoDB: Reading tablespace information from the .ibd files...
InnoDB: Restoring possible half-written data pages from the doublewrite
InnoDB: buffer...
170201  0:21:54  InnoDB: Waiting for the background threads to start
170201  0:21:55 InnoDB: 1.1.8 started; log sequence number 18502275
170201  0:21:55 [Note] Server hostname (bind-address): '127.0.0.1'; port: 3306
170201  0:21:55 [Note]   - '127.0.0.1' resolves to '127.0.0.1';
170201  0:21:55 [Note] Server socket created on IP: '127.0.0.1'.
170201  0:21:55 [Note] Event Scheduler: Loaded 0 events
170201  0:21:55 [Note] \usr\local\mysql-5.5\bin\mysqld.exe: ready for connections.
Version: '5.5.25'  socket: ''  port: 3306  MySQL Community Server (GPL)
170201  0:29:32 [Note] Plugin 'FEDERATED' is disabled.
170201  0:29:33 InnoDB: The InnoDB memory heap is disabled
170201  0:29:33 InnoDB: Mutexes and rw_locks use Windows interlocked functions
170201  0:29:33 InnoDB: Compressed tables use zlib 1.2.3
170201  0:29:33 InnoDB: Initializing buffer pool, size = 128.0M
170201  0:29:33 InnoDB: Completed initialization of buffer pool
170201  0:29:33 InnoDB: highest supported file format is Barracuda.
InnoDB: The log sequence number in ibdata files does not match
InnoDB: the log sequence number in the ib_logfiles!
170201  0:29:33  InnoDB: Database was not shut down normally!
InnoDB: Starting crash recovery.
InnoDB: Reading tablespace information from the .ibd files...
InnoDB: Restoring possible half-written data pages from the doublewrite
InnoDB: buffer...
170201  0:29:34  InnoDB: Waiting for the background threads to start
170201  0:29:35 InnoDB: 1.1.8 started; log sequence number 18569554
170201  0:29:35 [Note] Server hostname (bind-address): '127.0.0.1'; port: 3306
170201  0:29:35 [Note]   - '127.0.0.1' resolves to '127.0.0.1';
170201  0:29:35 [Note] Server socket created on IP: '127.0.0.1'.
170201  0:29:35 [Note] Event Scheduler: Loaded 0 events
170201  0:29:35 [Note] \usr\local\mysql-5.5\bin\mysqld.exe: ready for connections.
Version: '5.5.25'  socket: ''  port: 3306  MySQL Community Server (GPL)
170201  0:44:14 [Note] Plugin 'FEDERATED' is disabled.
170201  0:44:14 InnoDB: The InnoDB memory heap is disabled
170201  0:44:14 InnoDB: Mutexes and rw_locks use Windows interlocked functions
170201  0:44:14 InnoDB: Compressed tables use zlib 1.2.3
170201  0:44:14 InnoDB: Initializing buffer pool, size = 128.0M
170201  0:44:14 InnoDB: Completed initialization of buffer pool
170201  0:44:14 InnoDB: highest supported file format is Barracuda.
InnoDB: The log sequence number in ibdata files does not match
InnoDB: the log sequence number in the ib_logfiles!
170201  0:44:14  InnoDB: Database was not shut down normally!
InnoDB: Starting crash recovery.
InnoDB: Reading tablespace information from the .ibd files...
InnoDB: Restoring possible half-written data pages from the doublewrite
InnoDB: buffer...
170201  0:44:16  InnoDB: Waiting for the background threads to start
170201  0:44:17 InnoDB: 1.1.8 started; log sequence number 18632416
170201  0:44:17 [Note] Server hostname (bind-address): '127.0.0.1'; port: 3306
170201  0:44:17 [Note]   - '127.0.0.1' resolves to '127.0.0.1';
170201  0:44:17 [Note] Server socket created on IP: '127.0.0.1'.
170201  0:44:17 [Note] Event Scheduler: Loaded 0 events
170201  0:44:17 [Note] \usr\local\mysql-5.5\bin\mysqld.exe: ready for connections.
Version: '5.5.25'  socket: ''  port: 3306  MySQL Community Server (GPL)
170201  0:46:53 [Note] Plugin 'FEDERATED' is disabled.
170201  0:46:53 InnoDB: The InnoDB memory heap is disabled
170201  0:46:53 InnoDB: Mutexes and rw_locks use Windows interlocked functions
170201  0:46:53 InnoDB: Compressed tables use zlib 1.2.3
170201  0:46:54 InnoDB: Initializing buffer pool, size = 128.0M
170201  0:46:54 InnoDB: Completed initialization of buffer pool
170201  0:46:54 InnoDB: highest supported file format is Barracuda.
InnoDB: The log sequence number in ibdata files does not match
InnoDB: the log sequence number in the ib_logfiles!
170201  0:46:54  InnoDB: Database was not shut down normally!
InnoDB: Starting crash recovery.
InnoDB: Reading tablespace information from the .ibd files...
InnoDB: Restoring possible half-written data pages from the doublewrite
InnoDB: buffer...
170201  0:46:54  InnoDB: Waiting for the background threads to start
170201  0:46:55 InnoDB: 1.1.8 started; log sequence number 18634860
170201  0:46:55 [Note] Server hostname (bind-address): '127.0.0.1'; port: 3306
170201  0:46:55 [Note]   - '127.0.0.1' resolves to '127.0.0.1';
170201  0:46:55 [Note] Server socket created on IP: '127.0.0.1'.
170201  0:46:56 [Note] Event Scheduler: Loaded 0 events
170201  0:46:56 [Note] \usr\local\mysql-5.5\bin\mysqld.exe: ready for connections.
Version: '5.5.25'  socket: ''  port: 3306  MySQL Community Server (GPL)
170201  0:47:02 [Note] Plugin 'FEDERATED' is disabled.
170201  0:47:02 InnoDB: The InnoDB memory heap is disabled
170201  0:47:02 InnoDB: Mutexes and rw_locks use Windows interlocked functions
170201  0:47:02 InnoDB: Compressed tables use zlib 1.2.3
170201  0:47:02 InnoDB: Initializing buffer pool, size = 128.0M
170201  0:47:02 InnoDB: Completed initialization of buffer pool
170201  0:47:02 InnoDB: highest supported file format is Barracuda.
InnoDB: The log sequence number in ibdata files does not match
InnoDB: the log sequence number in the ib_logfiles!
170201  0:47:02  InnoDB: Database was not shut down normally!
InnoDB: Starting crash recovery.
InnoDB: Reading tablespace information from the .ibd files...
InnoDB: Restoring possible half-written data pages from the doublewrite
InnoDB: buffer...
170201  0:47:03  InnoDB: Waiting for the background threads to start
170201  0:47:04 InnoDB: 1.1.8 started; log sequence number 18634860
170201  0:47:04 [Note] Server hostname (bind-address): '127.0.0.1'; port: 3306
170201  0:47:04 [Note]   - '127.0.0.1' resolves to '127.0.0.1';
170201  0:47:04 [Note] Server socket created on IP: '127.0.0.1'.
170201  0:47:04 [Note] Event Scheduler: Loaded 0 events
170201  0:47:04 [Note] \usr\local\mysql-5.5\bin\mysqld.exe: ready for connections.
Version: '5.5.25'  socket: ''  port: 3306  MySQL Community Server (GPL)
170201  0:49:54 [Note] Plugin 'FEDERATED' is disabled.
170201  0:49:54 InnoDB: The InnoDB memory heap is disabled
170201  0:49:54 InnoDB: Mutexes and rw_locks use Windows interlocked functions
170201  0:49:54 InnoDB: Compressed tables use zlib 1.2.3
170201  0:49:54 InnoDB: Initializing buffer pool, size = 128.0M
170201  0:49:54 InnoDB: Completed initialization of buffer pool
170201  0:49:54 InnoDB: highest supported file format is Barracuda.
InnoDB: The log sequence number in ibdata files does not match
InnoDB: the log sequence number in the ib_logfiles!
170201  0:49:55  InnoDB: Database was not shut down normally!
InnoDB: Starting crash recovery.
InnoDB: Reading tablespace information from the .ibd files...
InnoDB: Restoring possible half-written data pages from the doublewrite
InnoDB: buffer...
170201  0:49:57  InnoDB: Waiting for the background threads to start
170201  0:49:58 InnoDB: 1.1.8 started; log sequence number 18634860
170201  0:49:58 [Note] Server hostname (bind-address): '127.0.0.1'; port: 3306
170201  0:49:58 [Note]   - '127.0.0.1' resolves to '127.0.0.1';
170201  0:49:58 [Note] Server socket created on IP: '127.0.0.1'.
170201  0:49:58 [Note] Event Scheduler: Loaded 0 events
170201  0:49:58 [Note] \usr\local\mysql-5.5\bin\mysqld.exe: ready for connections.
Version: '5.5.25'  socket: ''  port: 3306  MySQL Community Server (GPL)
170204  0:13:33 [Note] Plugin 'FEDERATED' is disabled.
170204  0:13:33 InnoDB: The InnoDB memory heap is disabled
170204  0:13:33 InnoDB: Mutexes and rw_locks use Windows interlocked functions
170204  0:13:33 InnoDB: Compressed tables use zlib 1.2.3
170204  0:13:33 InnoDB: Initializing buffer pool, size = 128.0M
170204  0:13:33 InnoDB: Completed initialization of buffer pool
170204  0:13:33 InnoDB: highest supported file format is Barracuda.
InnoDB: The log sequence number in ibdata files does not match
InnoDB: the log sequence number in the ib_logfiles!
170204  0:13:33  InnoDB: Database was not shut down normally!
InnoDB: Starting crash recovery.
InnoDB: Reading tablespace information from the .ibd files...
InnoDB: Restoring possible half-written data pages from the doublewrite
InnoDB: buffer...
170204  0:13:40  InnoDB: Waiting for the background threads to start
170204  0:13:41 InnoDB: 1.1.8 started; log sequence number 18636614
170204  0:13:43 [Note] Server hostname (bind-address): '127.0.0.1'; port: 3306
170204  0:13:43 [Note]   - '127.0.0.1' resolves to '127.0.0.1';
170204  0:13:43 [Note] Server socket created on IP: '127.0.0.1'.
170204  0:13:45 [Note] Event Scheduler: Loaded 0 events
170204  0:13:45 [Note] \usr\local\mysql-5.5\bin\mysqld.exe: ready for connections.
Version: '5.5.25'  socket: ''  port: 3306  MySQL Community Server (GPL)
170205 14:00:50 [Note] Plugin 'FEDERATED' is disabled.
170205 14:00:50 InnoDB: The InnoDB memory heap is disabled
170205 14:00:50 InnoDB: Mutexes and rw_locks use Windows interlocked functions
170205 14:00:50 InnoDB: Compressed tables use zlib 1.2.3
170205 14:00:51 InnoDB: Initializing buffer pool, size = 128.0M
170205 14:00:51 InnoDB: Completed initialization of buffer pool
170205 14:00:51 InnoDB: highest supported file format is Barracuda.
InnoDB: The log sequence number in ibdata files does not match
InnoDB: the log sequence number in the ib_logfiles!
170205 14:00:51  InnoDB: Database was not shut down normally!
InnoDB: Starting crash recovery.
InnoDB: Reading tablespace information from the .ibd files...
InnoDB: Restoring possible half-written data pages from the doublewrite
InnoDB: buffer...
170205 14:00:54  InnoDB: Waiting for the background threads to start
170205 14:00:55 InnoDB: 1.1.8 started; log sequence number 18700088
170205 14:00:55 [Note] Server hostname (bind-address): '127.0.0.1'; port: 3306
170205 14:00:55 [Note]   - '127.0.0.1' resolves to '127.0.0.1';
170205 14:00:55 [Note] Server socket created on IP: '127.0.0.1'.
170205 14:00:55 [Note] Event Scheduler: Loaded 0 events
170205 14:00:55 [Note] \usr\local\mysql-5.5\bin\mysqld.exe: ready for connections.
Version: '5.5.25'  socket: ''  port: 3306  MySQL Community Server (GPL)
170206 21:57:32 [Note] Plugin 'FEDERATED' is disabled.
170206 21:57:32 InnoDB: The InnoDB memory heap is disabled
170206 21:57:32 InnoDB: Mutexes and rw_locks use Windows interlocked functions
170206 21:57:32 InnoDB: Compressed tables use zlib 1.2.3
170206 21:57:32 InnoDB: Initializing buffer pool, size = 128.0M
170206 21:57:32 InnoDB: Completed initialization of buffer pool
170206 21:57:32 InnoDB: highest supported file format is Barracuda.
InnoDB: The log sequence number in ibdata files does not match
InnoDB: the log sequence number in the ib_logfiles!
170206 21:57:32  InnoDB: Database was not shut down normally!
InnoDB: Starting crash recovery.
InnoDB: Reading tablespace information from the .ibd files...
InnoDB: Restoring possible half-written data pages from the doublewrite
InnoDB: buffer...
170206 21:57:38  InnoDB: Waiting for the background threads to start
170206 21:57:39 InnoDB: 1.1.8 started; log sequence number 21611125
170206 21:57:39 [Note] Server hostname (bind-address): '127.0.0.1'; port: 3306
170206 21:57:39 [Note]   - '127.0.0.1' resolves to '127.0.0.1';
170206 21:57:39 [Note] Server socket created on IP: '127.0.0.1'.
170206 21:57:39 [Note] Event Scheduler: Loaded 0 events
170206 21:57:39 [Note] \usr\local\mysql-5.5\bin\mysqld.exe: ready for connections.
Version: '5.5.25'  socket: ''  port: 3306  MySQL Community Server (GPL)
