170208 13:33:13 [Note] Plugin 'FEDERATED' is disabled.
170208 13:33:13 InnoDB: The InnoDB memory heap is disabled
170208 13:33:13 InnoDB: Mutexes and rw_locks use Windows interlocked functions
170208 13:33:13 InnoDB: Compressed tables use zlib 1.2.3
170208 13:33:13 InnoDB: Initializing buffer pool, size = 128.0M
170208 13:33:13 InnoDB: Completed initialization of buffer pool
170208 13:33:14 InnoDB: highest supported file format is Barracuda.
InnoDB: The log sequence number in ibdata files does not match
InnoDB: the log sequence number in the ib_logfiles!
170208 13:33:14  InnoDB: Database was not shut down normally!
InnoDB: Starting crash recovery.
InnoDB: Reading tablespace information from the .ibd files...
InnoDB: Restoring possible half-written data pages from the doublewrite
InnoDB: buffer...
170208 13:33:15  InnoDB: Waiting for the background threads to start
170208 13:33:16 InnoDB: 1.1.8 started; log sequence number 27026220
170208 13:33:16 [Note] Server hostname (bind-address): '127.0.0.1'; port: 3306
170208 13:33:16 [Note]   - '127.0.0.1' resolves to '127.0.0.1';
170208 13:33:16 [Note] Server socket created on IP: '127.0.0.1'.
170208 13:33:17 [Note] Event Scheduler: Loaded 0 events
170208 13:33:17 [Note] \usr\local\mysql-5.5\bin\mysqld.exe: ready for connections.
Version: '5.5.25'  socket: ''  port: 3306  MySQL Community Server (GPL)
